Arguments: 
  /usr/local/Cellar/node/11.6.0/bin/node /usr/local/Cellar/yarn/1.12.3/libexec/bin/yarn.js init

PATH: 
  /Users/andrian/.fastlane/bin:/usr/local/bin:/usr/bin:/bin:/usr/sbin:/sbin:/usr/local/go/bin:/Users/andrian/.fastlane/bin:/Users/andrian/Library/Android/sdk/emulator:/Users/andrian/Library/Android/sdk/tools:/Users/andrian/Library/Android/sdk/tools/bin:/Users/andrian/Library/Android/sdk/platform-tools:/Users/andrian/go/bin:/Users/andrian/Dev/flutter/bin:/Users/andrian/.rvm/bin:/Users/andrian/Library/Android/sdk/emulator:/Users/andrian/Library/Android/sdk/tools:/Users/andrian/Library/Android/sdk/tools/bin:/Users/andrian/Library/Android/sdk/platform-tools:/usr/local/go/bin:/Users/andrian/go/bin:/Users/andrian/Dev/flutter/bin:/Users/andrian/.rvm/bin

Yarn version: 
  1.12.3

Node version: 
  11.6.0

Platform: 
  darwin x64

Trace: 
  Error: canceled
      at Interface.<anonymous> (/usr/local/Cellar/yarn/1.12.3/libexec/lib/cli.js:125278:13)
      at Interface.emit (events.js:188:13)
      at Interface._ttyWrite (readline.js:799:16)
      at ReadStream.onkeypress (readline.js:184:10)
      at ReadStream.emit (events.js:188:13)
      at emitKeys (internal/readline.js:424:14)
      at emitKeys.next (<anonymous>)
      at ReadStream.onData (readline.js:1071:36)
      at ReadStream.emit (events.js:188:13)
      at addChunk (_stream_readable.js:288:12)

npm manifest: 
  No manifest

yarn manifest: 
  No manifest

Lockfile: 
  No lockfile
